生成启动时间为 2020-12-10 12:45:12。
     1>项目“D:\Visual_Studio_Repos_2013\iis-module-backdoor\iis-module-backdoor\iis-module-backdoor.vcxproj”在节点 2 上(Build 个目标)。
     1>ClCompile:
         D:\Program Files (x86)\Microsoft Visual Studio 12.0\VC\bin\CL.exe /c /ZI /nologo /W3 /WX- /sdl /Od /Oy- /D WIN32 /D _DEBUG /D _WINDOWS /D _USRDLL /D IISMODULEBACKDOOR_EXPORTS /D _WINDLL /D _UNICODE /D UNICODE /Gm /EHsc /RTC1 /MDd /GS /fp:precise /Zc:wchar_t /Zc:forScope /Fo"Debug\\" /Fd"Debug\vc120.pdb" /Gd /TP /analyze- /errorReport:prompt dllmain.cpp
         dllmain.cpp
         D:\Program Files (x86)\Microsoft Visual Studio 12.0\VC\bin\CL.exe /c /ZI /nologo /W3 /WX- /sdl /Od /Oy- /D WIN32 /D _DEBUG /D _WINDOWS /D _USRDLL /D IISMODULEBACKDOOR_EXPORTS /D _WINDLL /D _UNICODE /D UNICODE /Gm /EHsc /RTC1 /MDd /GS /fp:precise /Zc:wchar_t /Zc:forScope /Yu"stdafx.h" /Fp"Debug\iis-module-backdoor.pch" /Fo"Debug\\" /Fd"Debug\vc120.pdb" /Gd /TP /analyze- /errorReport:prompt Exploit.cpp MyHttpFactory.cpp MyHttpModule.cpp
         MyHttpModule.cpp
         MyHttpFactory.cpp
         Exploit.cpp
         正在生成代码...
       Link:
         D:\Program Files (x86)\Microsoft Visual Studio 12.0\VC\bin\link.exe /ERRORREPORT:PROMPT /OUT:"D:\Visual_Studio_Repos_2013\iis-module-backdoor\Debug\iis-module-backdoor.dll" /INCREMENTAL /NOLOGO kernel32.lib user32.lib gdi32.lib winspool.lib comdlg32.lib advapi32.lib shell32.lib ole32.lib oleaut32.lib uuid.lib odbc32.lib odbccp32.lib /DEF:"module.def" /MANIFEST /MANIFESTUAC:"level='asInvoker' uiAccess='false'" /manifest:embed /DEBUG /PDB:"D:\Visual_Studio_Repos_2013\iis-module-backdoor\Debug\iis-module-backdoor.pdb" /SUBSYSTEM:WINDOWS /TLBID:1 /DYNAMICBASE /NXCOMPAT /IMPLIB:"D:\Visual_Studio_Repos_2013\iis-module-backdoor\Debug\iis-module-backdoor.lib" /MACHINE:X86 /DLL Debug\dllmain.obj
         Debug\Exploit.obj
         Debug\MyHttpFactory.obj
         Debug\MyHttpModule.obj
         Debug\stdafx.obj
            正在创建库 D:\Visual_Studio_Repos_2013\iis-module-backdoor\Debug\iis-module-backdoor.lib 和对象 D:\Visual_Studio_Repos_2013\iis-module-backdoor\Debug\iis-module-backdoor.exp
         iis-module-backdoor.vcxproj -> D:\Visual_Studio_Repos_2013\iis-module-backdoor\Debug\iis-module-backdoor.dll
     1>已完成生成项目“D:\Visual_Studio_Repos_2013\iis-module-backdoor\iis-module-backdoor\iis-module-backdoor.vcxproj”(Build 个目标)的操作。

生成成功。

已用时间 00:00:00.89
